<?xml version="1.0" encoding="UTF-8"?>
<!-- Generated by org.testng.reporters.JUnitXMLReporter -->
<testsuite ignored="0" hostname="DESKTOP-39NMVF9" failures="0" tests="6" name="Default test" time="111.854" errors="0" timestamp="2024-08-10T16:00:30 IST">
  <testcase classname="zohoTest.LoginTest" name="gettitle" time="0.031"/>
  <testcase classname="zohoTest.LoginTest" name="signInZohoPortal" time="23.067"/>
  <testcase classname="zohoTest.LoginTest" name="leadCreateNew" time="55.605"/>
  <testcase classname="zohoTest.LoginTest" name="clickOnFirstLead" time="13.465"/>
  <testcase classname="zohoTest.LoginTest" name="leadFilter" time="7.583"/>
  <testcase classname="zohoTest.LoginTest" name="deleteLeadPermanant" time="5.478"/>
</testsuite> <!-- Default test -->
