<?xml version="1.0" encoding="UTF-8"?>
<!-- Generated by org.testng.reporters.JUnitXMLReporter -->
<testsuite ignored="0" hostname="DESKTOP-39NMVF9" failures="0" tests="6" name="Default test" time="141.393" errors="0" timestamp="2024-08-08T19:27:49 IST">
  <testcase classname="zohoTest.LoginTest" name="gettitle" time="0.044"/>
  <testcase classname="zohoTest.LoginTest" name="signInZohoPortal" time="25.648"/>
  <testcase classname="zohoTest.LoginTest" name="leadCreateNew" time="81.027"/>
  <testcase classname="zohoTest.LoginTest" name="clickOnFirstLead" time="13.693"/>
  <testcase classname="zohoTest.LoginTest" name="leadFilter" time="7.858"/>
  <testcase classname="zohoTest.LoginTest" name="deleteLeadPermanant" time="5.751"/>
</testsuite> <!-- Default test -->
