<?xml version="1.0" encoding="UTF-8"?>
<!-- Generated by org.testng.reporters.JUnitXMLReporter -->
<testsuite ignored="0" hostname="DESKTOP-39NMVF9" failures="0" tests="6" name="Test" time="152.616" errors="0" timestamp="2024-08-08T13:23:30 IST">
  <testcase classname="zohoTest.LoginTest" name="gettitle" time="0.031"/>
  <testcase classname="zohoTest.LoginTest" name="signInZohoPortal" time="29.681"/>
  <testcase classname="zohoTest.LoginTest" name="leadCreateNew" time="85.259"/>
  <testcase classname="zohoTest.LoginTest" name="clickOnFirstLead" time="14.806"/>
  <testcase classname="zohoTest.LoginTest" name="leadFilter" time="7.841"/>
  <testcase classname="zohoTest.LoginTest" name="deleteLeadPermanant" time="5.639"/>
</testsuite> <!-- Test -->
