<?xml version="1.0" encoding="UTF-8"?>
<testng-results ignored="0" total="6" passed="6" failed="0" skipped="0">
  <reporter-output>
  </reporter-output>
  <suite started-at="2024-08-08T19:25:27 IST" name="Default suite" finished-at="2024-08-08T19:27:49 IST" duration-ms="141393">
    <groups>
    </groups>
    <test started-at="2024-08-08T19:25:27 IST" name="Default test" finished-at="2024-08-08T19:27:49 IST" duration-ms="141393">
      <class name="zohoTest.LoginTest">
        <test-method is-config="true" signature="getlaunchurl()[pri:0, instance:zohoTest.LoginTest@6da21078]" started-at="2024-08-08T19:25:27 IST" name="getlaunchurl" finished-at="2024-08-08T19:25:35 IST" duration-ms="7291" status="PASS">
          <reporter-output>
          </reporter-output>
        </test-method> <!-- getlaunchurl -->
        <test-method signature="gettitle()[pri:1, instance:zohoTest.LoginTest@6da21078]" started-at="2024-08-08T19:25:35 IST" name="gettitle" finished-at="2024-08-08T19:25:35 IST" duration-ms="44" status="PASS">
          <reporter-output>
          </reporter-output>
        </test-method> <!-- gettitle -->
        <test-method signature="signInZohoPortal()[pri:2, instance:zohoTest.LoginTest@6da21078]" started-at="2024-08-08T19:25:35 IST" name="signInZohoPortal" finished-at="2024-08-08T19:26:00 IST" duration-ms="25648" status="PASS">
          <reporter-output>
          </reporter-output>
        </test-method> <!-- signInZohoPortal -->
        <test-method signature="leadCreateNew()[pri:3, instance:zohoTest.LoginTest@6da21078]" started-at="2024-08-08T19:26:00 IST" name="leadCreateNew" finished-at="2024-08-08T19:27:21 IST" duration-ms="81027" status="PASS">
          <reporter-output>
          </reporter-output>
        </test-method> <!-- leadCreateNew -->
        <test-method signature="clickOnFirstLead()[pri:4, instance:zohoTest.LoginTest@6da21078]" started-at="2024-08-08T19:27:21 IST" name="clickOnFirstLead" finished-at="2024-08-08T19:27:35 IST" duration-ms="13693" status="PASS">
          <reporter-output>
          </reporter-output>
        </test-method> <!-- clickOnFirstLead -->
        <test-method signature="leadFilter()[pri:5, instance:zohoTest.LoginTest@6da21078]" started-at="2024-08-08T19:27:35 IST" name="leadFilter" finished-at="2024-08-08T19:27:43 IST" duration-ms="7858" status="PASS">
          <reporter-output>
          </reporter-output>
        </test-method> <!-- leadFilter -->
        <test-method signature="deleteLeadPermanant()[pri:6, instance:zohoTest.LoginTest@6da21078]" started-at="2024-08-08T19:27:43 IST" name="deleteLeadPermanant" finished-at="2024-08-08T19:27:49 IST" duration-ms="5751" status="PASS">
          <reporter-output>
          </reporter-output>
        </test-method> <!-- deleteLeadPermanant -->
      </class> <!-- zohoTest.LoginTest -->
    </test> <!-- Default test -->
  </suite> <!-- Default suite -->
</testng-results>
