<?xml version="1.0" encoding="UTF-8"?>
<testng-results ignored="0" total="6" passed="6" failed="0" skipped="0">
  <reporter-output>
  </reporter-output>
  <suite started-at="2024-08-10T15:58:38 IST" name="Default suite" finished-at="2024-08-10T16:00:30 IST" duration-ms="111854">
    <groups>
    </groups>
    <test started-at="2024-08-10T15:58:38 IST" name="Default test" finished-at="2024-08-10T16:00:30 IST" duration-ms="111854">
      <class name="zohoTest.LoginTest">
        <test-method is-config="true" signature="getlaunchurl()[pri:0, instance:zohoTest.LoginTest@6da21078]" started-at="2024-08-10T15:58:38 IST" name="getlaunchurl" finished-at="2024-08-10T15:58:45 IST" duration-ms="6560" status="PASS">
          <reporter-output>
          </reporter-output>
        </test-method> <!-- getlaunchurl -->
        <test-method signature="gettitle()[pri:1, instance:zohoTest.LoginTest@6da21078]" started-at="2024-08-10T15:58:45 IST" name="gettitle" finished-at="2024-08-10T15:58:45 IST" duration-ms="31" status="PASS">
          <reporter-output>
          </reporter-output>
        </test-method> <!-- gettitle -->
        <test-method signature="signInZohoPortal()[pri:2, instance:zohoTest.LoginTest@6da21078]" started-at="2024-08-10T15:58:45 IST" name="signInZohoPortal" finished-at="2024-08-10T15:59:08 IST" duration-ms="23067" status="PASS">
          <reporter-output>
          </reporter-output>
        </test-method> <!-- signInZohoPortal -->
        <test-method signature="leadCreateNew()[pri:3, instance:zohoTest.LoginTest@6da21078]" started-at="2024-08-10T15:59:08 IST" name="leadCreateNew" finished-at="2024-08-10T16:00:04 IST" duration-ms="55605" status="PASS">
          <reporter-output>
          </reporter-output>
        </test-method> <!-- leadCreateNew -->
        <test-method signature="clickOnFirstLead()[pri:4, instance:zohoTest.LoginTest@6da21078]" started-at="2024-08-10T16:00:04 IST" name="clickOnFirstLead" finished-at="2024-08-10T16:00:17 IST" duration-ms="13465" status="PASS">
          <reporter-output>
          </reporter-output>
        </test-method> <!-- clickOnFirstLead -->
        <test-method signature="leadFilter()[pri:5, instance:zohoTest.LoginTest@6da21078]" started-at="2024-08-10T16:00:17 IST" name="leadFilter" finished-at="2024-08-10T16:00:25 IST" duration-ms="7583" status="PASS">
          <reporter-output>
          </reporter-output>
        </test-method> <!-- leadFilter -->
        <test-method signature="deleteLeadPermanant()[pri:6, instance:zohoTest.LoginTest@6da21078]" started-at="2024-08-10T16:00:25 IST" name="deleteLeadPermanant" finished-at="2024-08-10T16:00:30 IST" duration-ms="5478" status="PASS">
          <reporter-output>
          </reporter-output>
        </test-method> <!-- deleteLeadPermanant -->
      </class> <!-- zohoTest.LoginTest -->
    </test> <!-- Default test -->
  </suite> <!-- Default suite -->
</testng-results>
